<?xml version="1.0" encoding="UTF-8"?>
<!-- Generated by org.testng.reporters.JUnitXMLReporter -->
<testsuite hostname="ADBIN0257" ignored="0" name="Default test(failed)" tests="2" failures="1" timestamp="09 Jul 2019 10:02:14 GMT" time="40.424" errors="0">
  <testcase name="@BeforeMethod setUp" time="7.649" classname="com.greenorbit.qa.testcases.WebsiteUserPageTest">
    <failure type="org.openqa.selenium.SessionNotCreatedException" message="session not created
from chrome not reachable
  (Session info: chrome=75.0.3770.100)
Build info: version: &amp;apos;3.14.0&amp;apos;, revision: &amp;apos;aacccce0&amp;apos;, time: &amp;apos;2018-08-02T20:19:58.91Z&amp;apos;
System info: host: &amp;apos;ADBIN0257&amp;apos;, ip: &amp;apos;10.20.20.174&amp;apos;, os.name: &amp;apos;Windows 10&amp;apos;, os.arch: &amp;apos;amd64&amp;apos;, os.version: &amp;apos;10.0&amp;apos;, java.version: &amp;apos;1.8.0_201&amp;apos;
Driver info: driver.version: ChromeDriver
remote stacktrace: Backtrace:
	Ordinal0 [0x00E81B23+1448739]
	Ordinal0 [0x00E05A11+940561]
	Ordinal0 [0x00D9213C+467260]
	Ordinal0 [0x00D8BB2E+441134]
	Ordinal0 [0x00D8C1C8+442824]
	Ordinal0 [0x00D8D275+447093]
	Ordinal0 [0x00D89515+431381]
	Ordinal0 [0x00D92EF0+470768]
	Ordinal0 [0x00D494CE+169166]
	Ordinal0 [0x00D488ED+166125]
	Ordinal0 [0x00D46FFB+159739]
	Ordinal0 [0x00D309F6+68086]
	Ordinal0 [0x00D31990+72080]
	Ordinal0 [0x00D31929+71977]
	GetHandleVerifier [0x00FC2E4C+1172140]
	GetHandleVerifier [0x00F1FE35+504469]
	GetHandleVerifier [0x00F1FBD0+503856]
	Ordinal0 [0x00E8C9A8+1493416]
	GetHandleVerifier [0x00F2060A+506474]
	Ordinal0 [0x00E17136+1012022]
	Ordinal0 [0x00E16FAF+1011631]
	Ordinal0 [0x00E2133B+1053499]
	Ordinal0 [0x00E214A3+1053859]
	Ordinal0 [0x00E204D5+1049813]
	BaseThreadInitThunk [0x76770179+25]
	RtlGetAppContainerNamedObjectPath [0x7768662D+237]
	RtlGetAppContainerNamedObjectPath [0x776865FD+189]
">
      <![CDATA[org.openqa.selenium.SessionNotCreatedException: session not created
from chrome not reachable
  (Session info: chrome=75.0.3770.100)
Build info: version: '3.14.0', revision: 'aacccce0', time: '2018-08-02T20:19:58.91Z'
System info: host: 'ADBIN0257', ip: '10.20.20.174', os.name: 'Windows 10', os.arch: 'amd64', os.version: '10.0', java.version: '1.8.0_201'
Driver info: driver.version: ChromeDriver
remote stacktrace: Backtrace:
	Ordinal0 [0x00E81B23+1448739]
	Ordinal0 [0x00E05A11+940561]
	Ordinal0 [0x00D9213C+467260]
	Ordinal0 [0x00D8BB2E+441134]
	Ordinal0 [0x00D8C1C8+442824]
	Ordinal0 [0x00D8D275+447093]
	Ordinal0 [0x00D89515+431381]
	Ordinal0 [0x00D92EF0+470768]
	Ordinal0 [0x00D494CE+169166]
	Ordinal0 [0x00D488ED+166125]
	Ordinal0 [0x00D46FFB+159739]
	Ordinal0 [0x00D309F6+68086]
	Ordinal0 [0x00D31990+72080]
	Ordinal0 [0x00D31929+71977]
	GetHandleVerifier [0x00FC2E4C+1172140]
	GetHandleVerifier [0x00F1FE35+504469]
	GetHandleVerifier [0x00F1FBD0+503856]
	Ordinal0 [0x00E8C9A8+1493416]
	GetHandleVerifier [0x00F2060A+506474]
	Ordinal0 [0x00E17136+1012022]
	Ordinal0 [0x00E16FAF+1011631]
	Ordinal0 [0x00E2133B+1053499]
	Ordinal0 [0x00E214A3+1053859]
	Ordinal0 [0x00E204D5+1049813]
	BaseThreadInitThunk [0x76770179+25]
	RtlGetAppContainerNamedObjectPath [0x7768662D+237]
	RtlGetAppContainerNamedObjectPath [0x776865FD+189]

	at org.openqa.selenium.remote.W3CHandshakeResponse.lambda$new$0(W3CHandshakeResponse.java:57)
	at org.openqa.selenium.remote.W3CHandshakeResponse.lambda$getResponseFunction$2(W3CHandshakeResponse.java:104)
	at org.openqa.selenium.remote.ProtocolHandshake.lambda$createSession$0(ProtocolHandshake.java:122)
	at java.util.stream.ReferencePipeline$3$1.accept(Unknown Source)
	at java.util.Spliterators$ArraySpliterator.tryAdvance(Unknown Source)
	at java.util.stream.ReferencePipeline.forEachWithCancel(Unknown Source)
	at java.util.stream.AbstractPipeline.copyIntoWithCancel(Unknown Source)
	at java.util.stream.AbstractPipeline.copyInto(Unknown Source)
	at java.util.stream.AbstractPipeline.wrapAndCopyInto(Unknown Source)
	at java.util.stream.FindOps$FindOp.evaluateSequential(Unknown Source)
	at java.util.stream.AbstractPipeline.evaluate(Unknown Source)
	at java.util.stream.ReferencePipeline.findFirst(Unknown Source)
	at org.openqa.selenium.remote.ProtocolHandshake.createSession(ProtocolHandshake.java:125)
	at org.openqa.selenium.remote.ProtocolHandshake.createSession(ProtocolHandshake.java:73)
	at org.openqa.selenium.remote.HttpCommandExecutor.execute(HttpCommandExecutor.java:136)
	at org.openqa.selenium.remote.service.DriverCommandExecutor.execute(DriverCommandExecutor.java:83)
	at org.openqa.selenium.remote.RemoteWebDriver.execute(RemoteWebDriver.java:548)
	at org.openqa.selenium.remote.RemoteWebDriver.startSession(RemoteWebDriver.java:212)
	at org.openqa.selenium.remote.RemoteWebDriver.<init>(RemoteWebDriver.java:130)
	at org.openqa.selenium.chrome.ChromeDriver.<init>(ChromeDriver.java:181)
	at org.openqa.selenium.chrome.ChromeDriver.<init>(ChromeDriver.java:168)
	at org.openqa.selenium.chrome.ChromeDriver.<init>(ChromeDriver.java:123)
	at com.greenorbit.qa.base.TestBase.initialization(TestBase.java:47)
	at com.greenorbit.qa.testcases.WebsiteUserPageTest.setUp(WebsiteUserPageTest.java:27)
... Removed 31 stack frames]]>
    </failure>
  </testcase> <!-- @BeforeMethod setUp -->
  <testcase name="verifyCreateNewWebsiteUser" time="16.847" classname="com.greenorbit.qa.testcases.WebsiteUserPageTest">
    <failure type="org.openqa.selenium.NoSuchFrameException" message="No frame element found by name or id menuFrameSet
Build info: version: &amp;apos;3.14.0&amp;apos;, revision: &amp;apos;aacccce0&amp;apos;, time: &amp;apos;2018-08-02T20:19:58.91Z&amp;apos;
System info: host: &amp;apos;ADBIN0257&amp;apos;, ip: &amp;apos;10.20.20.174&amp;apos;, os.name: &amp;apos;Windows 10&amp;apos;, os.arch: &amp;apos;amd64&amp;apos;, os.version: &amp;apos;10.0&amp;apos;, java.version: &amp;apos;1.8.0_201&amp;apos;
Driver info: driver.version: unknown">
      <![CDATA[org.openqa.selenium.NoSuchFrameException: No frame element found by name or id menuFrameSet
Build info: version: '3.14.0', revision: 'aacccce0', time: '2018-08-02T20:19:58.91Z'
System info: host: 'ADBIN0257', ip: '10.20.20.174', os.name: 'Windows 10', os.arch: 'amd64', os.version: '10.0', java.version: '1.8.0_201'
Driver info: driver.version: unknown
	at org.openqa.selenium.remote.RemoteWebDriver$RemoteTargetLocator.frame(RemoteWebDriver.java:881)
	at com.greenorbit.qa.util.TestUtil.switchToFrame(TestUtil.java:23)
	at com.greenorbit.qa.testcases.WebsiteUserPageTest.verifyCreateNewWebsiteUser(WebsiteUserPageTest.java:47)
... Removed 25 stack frames]]>
    </failure>
  </testcase> <!-- verifyCreateNewWebsiteUser -->
  <testcase name="verifyWebsiteUserPageTitle" time="0.001" classname="com.greenorbit.qa.testcases.WebsiteUserPageTest">
    <skipped/>
  </testcase> <!-- verifyWebsiteUserPageTitle -->
</testsuite> <!-- Default test(failed) -->
