<?xml version="1.0" encoding="UTF-8"?>
<!-- Generated by org.testng.reporters.JUnitXMLReporter -->
<testsuite hostname="ADBIN0257" ignored="0" name="Command line test" tests="11" failures="1" timestamp="17 Aug 2019 17:30:49 GMT" time="380.389" errors="0">
  <testcase name="verifyHomePageTitleTest" time="0.011" classname="com.greenorbit.qa.testcases.HomePageTest"/>
  <testcase name="loginPageTitleTest" time="0.012" classname="com.greenorbit.qa.testcases.LoginPageTest"/>
  <testcase name="verifyWebsiteUserPageTitle" time="0.182" classname="com.greenorbit.qa.testcases.WebsiteUserPageTest"/>
  <testcase name="verifyPageHeadingTest" time="0.172" classname="com.greenorbit.qa.testcases.HomePageTest"/>
  <testcase name="loginTest" time="16.849" classname="com.greenorbit.qa.testcases.LoginPageTest"/>
  <testcase name="verifyCreateNewWebsiteUser" time="18.774" classname="com.greenorbit.qa.testcases.WebsiteUserPageTest">
    <failure type="org.openqa.selenium.NoSuchElementException" message="no such element: Unable to locate element: {&amp;quot;method&amp;quot;:&amp;quot;xpath&amp;quot;,&amp;quot;selector&amp;quot;:&amp;quot;//input[@name=&amp;apos;AddUserButtons_Finish&amp;apos;]&amp;quot;}
  (Session info: chrome=76.0.3809.100)
For documentation on this error, please visit: http://seleniumhq.org/exceptions/no_such_element.html
Build info: version: &amp;apos;3.14.0&amp;apos;, revision: &amp;apos;aacccce0&amp;apos;, time: &amp;apos;2018-08-02T20:19:58.91Z&amp;apos;
System info: host: &amp;apos;ADBIN0257&amp;apos;, ip: &amp;apos;192.168.100.3&amp;apos;, os.name: &amp;apos;Windows 10&amp;apos;, os.arch: &amp;apos;amd64&amp;apos;, os.version: &amp;apos;10.0&amp;apos;, java.version: &amp;apos;1.8.0_201&amp;apos;
Driver info: org.openqa.selenium.chrome.ChromeDriver
Capabilities {acceptInsecureCerts: false, browserName: chrome, browserVersion: 76.0.3809.100, chrome: {chromedriverVersion: 75.0.3770.90 (a6dcaf7e3ec6f..., userDataDir: C:\WINDOWS\TEMP\scoped_dir1...}, goog:chromeOptions: {debuggerAddress: localhost:54364}, javascriptEnabled: true, networkConnectionEnabled: false, pageLoadStrategy: normal, platform: XP, platformName: XP, proxy: Proxy(), setWindowRect: true, strictFileInteractability: false, timeouts: {implicit: 0, pageLoad: 300000, script: 30000}, unhandledPromptBehavior: dismiss and notify}
Session ID: b7f79d46e8e0669fa315c8a52d716923
*** Element info: {Using=xpath, value=//input[@name=&amp;apos;AddUserButtons_Finish&amp;apos;]}">
      <![CDATA[org.openqa.selenium.NoSuchElementException: no such element: Unable to locate element: {"method":"xpath","selector":"//input[@name='AddUserButtons_Finish']"}
  (Session info: chrome=76.0.3809.100)
For documentation on this error, please visit: http://seleniumhq.org/exceptions/no_such_element.html
Build info: version: '3.14.0', revision: 'aacccce0', time: '2018-08-02T20:19:58.91Z'
System info: host: 'ADBIN0257', ip: '192.168.100.3', os.name: 'Windows 10', os.arch: 'amd64', os.version: '10.0', java.version: '1.8.0_201'
Driver info: org.openqa.selenium.chrome.ChromeDriver
Capabilities {acceptInsecureCerts: false, browserName: chrome, browserVersion: 76.0.3809.100, chrome: {chromedriverVersion: 75.0.3770.90 (a6dcaf7e3ec6f..., userDataDir: C:\WINDOWS\TEMP\scoped_dir1...}, goog:chromeOptions: {debuggerAddress: localhost:54364}, javascriptEnabled: true, networkConnectionEnabled: false, pageLoadStrategy: normal, platform: XP, platformName: XP, proxy: Proxy(), setWindowRect: true, strictFileInteractability: false, timeouts: {implicit: 0, pageLoad: 300000, script: 30000}, unhandledPromptBehavior: dismiss and notify}
Session ID: b7f79d46e8e0669fa315c8a52d716923
*** Element info: {Using=xpath, value=//input[@name='AddUserButtons_Finish']}
	at org.openqa.selenium.remote.http.W3CHttpResponseCodec.createException(W3CHttpResponseCodec.java:187)
	at org.openqa.selenium.remote.http.W3CHttpResponseCodec.decode(W3CHttpResponseCodec.java:122)
	at org.openqa.selenium.remote.http.W3CHttpResponseCodec.decode(W3CHttpResponseCodec.java:49)
	at org.openqa.selenium.remote.HttpCommandExecutor.execute(HttpCommandExecutor.java:158)
	at org.openqa.selenium.remote.service.DriverCommandExecutor.execute(DriverCommandExecutor.java:83)
	at org.openqa.selenium.remote.RemoteWebDriver.execute(RemoteWebDriver.java:548)
	at org.openqa.selenium.remote.RemoteWebDriver.findElement(RemoteWebDriver.java:322)
	at org.openqa.selenium.remote.RemoteWebDriver.findElementByXPath(RemoteWebDriver.java:424)
	at org.openqa.selenium.By$ByXPath.findElement(By.java:353)
	at org.openqa.selenium.remote.RemoteWebDriver.findElement(RemoteWebDriver.java:314)
	at org.openqa.selenium.support.pagefactory.DefaultElementLocator.findElement(DefaultElementLocator.java:69)
	at org.openqa.selenium.support.pagefactory.internal.LocatingElementHandler.invoke(LocatingElementHandler.java:38)
	at com.sun.proxy.$Proxy10.click(Unknown Source)
	at com.greenorbit.qa.pages.WebsiteUserPage.createNewWebsiteUser(WebsiteUserPage.java:62)
	at com.greenorbit.qa.testcases.WebsiteUserPageTest.verifyCreateNewWebsiteUser(WebsiteUserPageTest.java:50)
... Removed 39 stack frames]]>
    </failure>
  </testcase> <!-- verifyCreateNewWebsiteUser -->
  <testcase name="verifyCreateNewWebsiteUser" time="20.579" classname="com.greenorbit.qa.testcases.WebsiteUserPageTest"/>
  <testcase name="clickOnHelpLinkTest" time="2.527" classname="com.greenorbit.qa.testcases.HomePageTest"/>
  <testcase name="clickOnAboutLinkTest" time="7.23" classname="com.greenorbit.qa.testcases.HomePageTest"/>
  <testcase name="clickOnWebsiteUserTest" time="6.012" classname="com.greenorbit.qa.testcases.HomePageTest"/>
  <testcase name="clickonAddWebsiteUserTest" time="7.951" classname="com.greenorbit.qa.testcases.HomePageTest"/>
</testsuite> <!-- Command line test -->
